<?xml version="1.0" encoding="UTF-8"?>
<testsuite xmlns:xsi="http://www.w3.org/2001/XMLSchema-instance" xsi:noNamespaceSchemaLocation="https://maven.apache.org/surefire/maven-surefire-plugin/xsd/surefire-test-report-3.0.xsd" version="3.0" name="com.programmingpals.project.StudentViewTest" time="0.078" tests="9" errors="0" skipped="0" failures="0">
  <properties>
[...]
</properties>
  <testcase name="spaceInputTest" classname="com.programmingpals.project.StudentViewTest" time="0.019"/>
  <testcase name="validSymbolInputTest" classname="com.programmingpals.project.StudentViewTest" time="0.001"/>
  <testcase name="validNospaceInputTest" classname="com.programmingpals.project.StudentViewTest" time="0.001"/>
  <testcase name="nullInputTest" classname="com.programmingpals.project.StudentViewTest" time="0"/>
  <testcase name="blankInputTest" classname="com.programmingpals.project.StudentViewTest" time="0"/>
  <testcase name="longInputTest" classname="com.programmingpals.project.StudentViewTest" time="0"/>
  <testcase name="validSpacedInputTest" classname="com.programmingpals.project.StudentViewTest" time="0.001"/>
  <testcase name="validNumberInputTest" classname="com.programmingpals.project.StudentViewTest" time="0.001"/>
  <testcase name="validMixedInputTest" classname="com.programmingpals.project.StudentViewTest" time="0.001"/>
</testsuite>